{"level":"info","message":"Hello distributed log files!","timestamp":"2016-12-01T19:26:54.729Z"}
{"level":"info","message":"/#HMwjjDr16eAWjH9aAAAA","timestamp":"2016-12-01T19:26:58.443Z"}
{"level":"info","message":"Hello distributed log files!","timestamp":"2016-12-01T19:27:29.252Z"}
{"level":"info","message":"/#pI9xEswOosGjoEUfAAAA","timestamp":"2016-12-01T19:27:30.992Z"}
{"level":"info","message":"Hello distributed log files!","timestamp":"2016-12-01T19:28:08.377Z"}
{"level":"info","message":"/#OwzyrGZypR8nPOBcAAAA","timestamp":"2016-12-01T19:28:09.083Z"}
{"level":"info","message":"Hello distributed log files!","timestamp":"2016-12-01T19:28:26.555Z"}
{"level":"info","message":"/#lh43FNUwGbdUXJX_AAAA","timestamp":"2016-12-01T19:28:27.634Z"}
{"level":"info","message":"Hello distributed log files!","timestamp":"2016-12-01T19:28:52.059Z"}
{"level":"info","message":"/#UIm5c2D1vHGQVCBZAAAA","timestamp":"2016-12-01T19:28:52.817Z"}
{"level":"info","message":"Hello distributed log files!","timestamp":"2016-12-01T19:29:46.091Z"}
{"level":"info","message":"/#9qYzlIJdumhMKm_6AAAA","timestamp":"2016-12-01T19:29:46.184Z"}
{"level":"info","message":"Hello distributed log files!","timestamp":"2016-12-01T19:30:55.546Z"}
{"level":"info","message":"Hello distributed log files!","timestamp":"2016-12-01T19:31:11.891Z"}
{"level":"info","message":"/#e9DAWp3M0OCyw-tVAAAA","timestamp":"2016-12-01T19:31:17.333Z"}
{"level":"info","message":"Hello distributed log files!","timestamp":"2016-12-01T19:31:37.943Z"}
{"level":"info","message":"/#YPr_wO4iSq7R3bffAAAA","timestamp":"2016-12-01T19:31:44.114Z"}
{"level":"error","message":"Caught exception: ReferenceError: poyo is not defined","timestamp":"2016-12-01T19:31:44.119Z"}
{"level":"info","message":"Hello distributed log files!","timestamp":"2016-12-01T19:33:58.720Z"}
{"level":"info","message":"/#YLcMYipGnoYWv84DAAAA","timestamp":"2016-12-01T19:34:00.709Z"}
{"level":"error","message":"Caught exception: ReferenceError: poyo is not defined","timestamp":"2016-12-01T19:34:00.716Z"}
{"level":"info","message":"Hello distributed log files!","timestamp":"2016-12-01T19:34:13.560Z"}
{"level":"error","message":"Caught exception: Error: listen EADDRINUSE","timestamp":"2016-12-01T19:34:13.577Z"}
{"level":"info","message":"Hello distributed log files!","timestamp":"2016-12-01T19:46:40.561Z"}
{"level":"info","message":"Hello distributed log files!","timestamp":"2016-12-01T19:50:24.736Z"}
{"level":"info","message":"/#QXvgGZxeqhitzn_SAAAA","timestamp":"2016-12-01T19:50:35.987Z"}
{"level":"info","message":"/#dgPLYusYuGmVtff-AAAB","timestamp":"2016-12-01T19:53:54.404Z"}
{"level":"info","message":"/#lpsL0NTNlq-dvwTxAAAC","timestamp":"2016-12-01T19:54:37.612Z"}
{"level":"info","message":"Hello distributed log files!","timestamp":"2016-12-01T19:57:45.018Z"}
{"level":"info","message":"/#0u1LsjVB-tahXPt7AAAA","timestamp":"2016-12-01T19:57:48.901Z"}
{"level":"info","message":"/#EwxqFrSZrA1S-cPWAAAB","timestamp":"2016-12-01T20:01:02.932Z"}
{"level":"info","message":"/#SeHnRWj8TuLUN98vAAAC","timestamp":"2016-12-01T20:02:27.745Z"}
{"level":"info","message":"/#IcnTf6orXdoaGb9kAAAD","timestamp":"2016-12-01T20:03:01.962Z"}
{"level":"info","message":"Hello distributed log files!","timestamp":"2016-12-01T20:15:23.792Z"}
{"level":"info","message":"/#qQl8SoA7l3S0Y6ThAAAA","timestamp":"2016-12-01T20:15:24.682Z"}
{"level":"info","message":"/#ja923zYS0fZdZjxsAAAB","timestamp":"2016-12-01T20:15:24.894Z"}
{"level":"info","message":"Hello distributed log files!","timestamp":"2016-12-01T20:20:56.213Z"}
{"level":"info","message":"/#kW3Xj4_UZE8ZRw82AAAA","timestamp":"2016-12-01T20:21:01.387Z"}
{"level":"info","message":"Hello distributed log files!","timestamp":"2016-12-01T20:22:42.395Z"}
{"level":"info","message":"/#wjI3B3hw_L4rR7nSAAAA","timestamp":"2016-12-01T20:22:46.097Z"}
{"level":"info","message":"Hello distributed log files!","timestamp":"2016-12-01T20:23:35.914Z"}
{"level":"info","message":"/#lsW1sLeHApq_Er80AAAA","timestamp":"2016-12-01T20:23:42.223Z"}
{"level":"info","message":"Hello distributed log files!","timestamp":"2016-12-01T20:24:40.911Z"}
{"level":"info","message":"/#55EzNzYIy7G-pwmMAAAA","timestamp":"2016-12-01T20:24:43.985Z"}
{"level":"info","message":"Hello distributed log files!","timestamp":"2016-12-01T20:25:17.881Z"}
{"level":"info","message":"/#y471j5HT8GVUIwOxAAAA","timestamp":"2016-12-01T20:25:22.221Z"}
{"level":"error","message":"Caught exception: TypeError: Cannot convert undefined or null to object","timestamp":"2016-12-01T20:25:32.072Z"}
{"level":"info","message":"Hello distributed log files!","timestamp":"2016-12-01T20:28:40.687Z"}
{"level":"info","message":"/#xp5WIsZP-ETs7eeXAAAA","timestamp":"2016-12-01T20:28:48.592Z"}
{"level":"info","message":"/#xp5WIsZP-ETs7eeXAAAA","timestamp":"2016-12-01T20:29:00.750Z"}
{"level":"error","message":"Caught exception: TypeError: Cannot convert undefined or null to object","timestamp":"2016-12-01T20:29:00.788Z"}
{"level":"info","message":"Hello distributed log files!","timestamp":"2016-12-01T20:30:32.511Z"}
{"level":"info","message":"/#kQmOm2LldW4v2cQdAAAA","timestamp":"2016-12-01T20:30:33.772Z"}
{"level":"info","message":"/#kQmOm2LldW4v2cQdAAAA","timestamp":"2016-12-01T20:30:42.124Z"}
{"level":"error","message":"Caught exception: TypeError: Cannot convert undefined or null to object","timestamp":"2016-12-01T20:30:42.160Z"}
{"level":"info","message":"Hello distributed log files!","timestamp":"2016-12-01T20:31:33.101Z"}
{"level":"info","message":"/#WnO_or5ZwzhfPCHGAAAA","timestamp":"2016-12-01T20:31:33.177Z"}
{"level":"info","message":"/#WnO_or5ZwzhfPCHGAAAA","timestamp":"2016-12-01T20:31:41.619Z"}
{"level":"error","message":"Caught exception: TypeError: Cannot convert undefined or null to object","timestamp":"2016-12-01T20:31:41.658Z"}
{"level":"info","message":"Hello distributed log files!","timestamp":"2016-12-01T20:32:17.109Z"}
{"level":"info","message":"/#FSyJmnws6wSE3rOYAAAA","timestamp":"2016-12-01T20:32:21.547Z"}
{"level":"info","message":"/#FSyJmnws6wSE3rOYAAAA","timestamp":"2016-12-01T20:32:33.371Z"}
{"level":"error","message":"Caught exception: TypeError: Cannot convert undefined or null to object","timestamp":"2016-12-01T20:32:33.413Z"}
{"level":"info","message":"Hello distributed log files!","timestamp":"2016-12-01T20:33:06.459Z"}
{"level":"info","message":"/#-b6CszeGHIw9gndDAAAA","timestamp":"2016-12-01T20:33:10.126Z"}
{"level":"info","message":"/#-b6CszeGHIw9gndDAAAA","timestamp":"2016-12-01T20:33:20.570Z"}
{"level":"error","message":"Caught exception: TypeError: Cannot convert undefined or null to object","timestamp":"2016-12-01T20:33:20.609Z"}
{"level":"info","message":"Hello distributed log files!","timestamp":"2016-12-01T20:33:37.665Z"}
{"level":"info","message":"/#z64Uz9U5c9bSHYW_AAAA","timestamp":"2016-12-01T20:33:41.410Z"}
{"level":"info","message":"/#z64Uz9U5c9bSHYW_AAAA","timestamp":"2016-12-01T20:33:54.450Z"}
{"level":"error","message":"Caught exception: TypeError: Cannot convert undefined or null to object","timestamp":"2016-12-01T20:33:54.489Z"}
{"level":"info","message":"Hello distributed log files!","timestamp":"2016-12-01T20:34:45.067Z"}
{"level":"info","message":"/#jRgix9AAPz03R9dyAAAA","timestamp":"2016-12-01T20:34:47.075Z"}
{"level":"info","message":"/#YISJiJO04fWUe1BIAAAB","timestamp":"2016-12-01T20:34:53.489Z"}
{"level":"info","message":"/#YISJiJO04fWUe1BIAAAB","timestamp":"2016-12-01T20:35:06.075Z"}
{"level":"info","message":"Hello distributed log files!","timestamp":"2016-12-01T20:37:07.973Z"}
{"level":"info","message":"/#9vw8S0sP3v8NHQozAAAA","timestamp":"2016-12-01T20:37:10.995Z"}
{"level":"info","message":"/#9vw8S0sP3v8NHQozAAAA","timestamp":"2016-12-01T20:37:38.417Z"}
{"level":"info","message":"Hello distributed log files!","timestamp":"2016-12-01T20:38:09.417Z"}
{"level":"info","message":"/#aaPXaGWv7_kNzgWqAAAA","timestamp":"2016-12-01T20:38:09.593Z"}
{"level":"info","message":"/#wp7V7HP74Cd_eA7bAAAB","timestamp":"2016-12-01T20:38:11.678Z"}
{"level":"info","message":"/#wp7V7HP74Cd_eA7bAAAB","timestamp":"2016-12-01T20:38:20.459Z"}
{"level":"info","message":"Hello distributed log files!","timestamp":"2016-12-01T20:38:28.522Z"}
{"level":"info","message":"/#vxRx3idR7b5dGFP6AAAA","timestamp":"2016-12-01T20:38:32.319Z"}
{"level":"info","message":"/#SzUEqBneIjP---BUAAAB","timestamp":"2016-12-01T20:38:34.443Z"}
{"level":"info","message":"/#SzUEqBneIjP---BUAAAB","timestamp":"2016-12-01T20:38:49.699Z"}
{"level":"info","message":"Hello distributed log files!","timestamp":"2016-12-01T20:40:03.386Z"}
{"level":"info","message":"/#tFmoj6BD6ErOqu-2AAAA","timestamp":"2016-12-01T20:40:08.790Z"}
{"level":"info","message":"/#kTWtFqfs57JhSYTpAAAB","timestamp":"2016-12-01T20:40:11.451Z"}
{"level":"info","message":"/#tFmoj6BD6ErOqu-2AAAA","timestamp":"2016-12-01T20:40:37.450Z"}
{"level":"info","message":"Hello distributed log files!","timestamp":"2016-12-01T20:41:49.756Z"}
{"level":"info","message":"/#PV3HEnApcBLlW7C4AAAA","timestamp":"2016-12-01T20:41:53.018Z"}
{"level":"info","message":"/#ufpuKzyaPJ8sk62hAAAB","timestamp":"2016-12-01T20:41:53.193Z"}
{"level":"info","message":"/#PV3HEnApcBLlW7C4AAAA","timestamp":"2016-12-01T20:42:18.736Z"}
{"level":"info","message":"Hello distributed log files!","timestamp":"2016-12-01T20:43:03.036Z"}
{"level":"info","message":"/#6Xp_o1Y4jti5QCaEAAAA","timestamp":"2016-12-01T20:43:06.073Z"}
{"level":"info","message":"/#apcYVBZVZXhTuBRAAAAB","timestamp":"2016-12-01T20:43:36.056Z"}
{"level":"info","message":"/#6Xp_o1Y4jti5QCaEAAAA","timestamp":"2016-12-01T20:43:56.502Z"}
{"level":"info","message":"Hello distributed log files!","timestamp":"2016-12-01T20:44:18.394Z"}
{"level":"info","message":"/#YXnibqNIsHX1diZjAAAA","timestamp":"2016-12-01T20:44:21.312Z"}
{"level":"info","message":"/#oMls4FKMn8O90k5sAAAB","timestamp":"2016-12-01T20:44:37.351Z"}
{"level":"info","message":"/#oMls4FKMn8O90k5sAAAB","timestamp":"2016-12-01T20:44:50.170Z"}
{"level":"info","message":"Hello distributed log files!","timestamp":"2016-12-02T12:29:03.651Z"}
{"level":"info","message":"/#lsr4WDbX6sBtAGEOAAAA","timestamp":"2016-12-02T12:33:30.905Z"}
{"level":"info","message":"Hello distributed log files!","timestamp":"2016-12-02T12:43:07.970Z"}
{"level":"info","message":"/#nMJpGt7o1nAYU5BFAAAA","timestamp":"2016-12-02T12:43:11.578Z"}
{"level":"info","message":"/#kJAr3KRfhAjsBf2vAAAB","timestamp":"2016-12-02T12:47:55.379Z"}
{"level":"info","message":"/#kJAr3KRfhAjsBf2vAAAB","timestamp":"2016-12-02T12:48:54.713Z"}
{"level":"info","message":"Hello distributed log files!","timestamp":"2016-12-02T12:53:27.909Z"}
{"level":"info","message":"/#RrRMLxQsvUCk0_uYAAAA","timestamp":"2016-12-02T12:54:07.256Z"}
{"level":"info","message":"/#YKNz5digz4g6Eo7BAAAB","timestamp":"2016-12-02T12:54:53.398Z"}
{"level":"info","message":"/#RrRMLxQsvUCk0_uYAAAA","timestamp":"2016-12-02T12:55:11.350Z"}
{"level":"info","message":"/#91jppaPSrh3kRTC1AAAC","timestamp":"2016-12-02T13:05:09.316Z"}
{"level":"info","message":"/#ygmdPsFgpL7qBu52AAAD","timestamp":"2016-12-02T13:08:41.246Z"}
{"level":"info","message":"/#20QWawROKZnaL585AAAE","timestamp":"2016-12-02T13:09:17.555Z"}
{"level":"info","message":"/#20QWawROKZnaL585AAAE","timestamp":"2016-12-02T13:09:33.167Z"}
{"level":"info","message":"Hello distributed log files!","timestamp":"2016-12-02T13:10:34.046Z"}
{"level":"info","message":"/#9438kqRCCmV10K3hAAAA","timestamp":"2016-12-02T13:10:37.444Z"}
{"level":"info","message":"/#oN9DcY5FD9fyzQkcAAAB","timestamp":"2016-12-02T13:10:43.121Z"}
{"level":"info","message":"/#9438kqRCCmV10K3hAAAA","timestamp":"2016-12-02T13:10:58.073Z"}
{"level":"info","message":"/#uwRxKJyssqROa3YbAAAC","timestamp":"2016-12-02T13:11:30.452Z"}
{"level":"info","message":"/#NhwHVJFA4SGNfc50AAAD","timestamp":"2016-12-02T13:11:44.771Z"}
{"level":"info","message":"/#uwRxKJyssqROa3YbAAAC","timestamp":"2016-12-02T13:13:36.126Z"}
